[debug] > Exec(early(addDefaultCommands), None, None)
[debug] > Exec(addDefaultCommands, None, None)
[debug] > Exec(early(initialize), None, None)
[debug] > Exec(initialize, None, None)
[debug] > Exec(boot, None, None)
[debug] > Exec(writeSbtVersion, None, None)
[debug] > Exec(reload, None, None)
[debug] > Exec(sbtStashOnFailure, None, None)
[debug] > Exec(onFailure loadFailed, None, None)
[debug] > Exec(loadp, None, None)
[info] welcome to sbt 1.8.3 (Homebrew Java 21.0.1)
[debug] Load.defaultLoad until apply took 118.468092ms
[debug]           Load.loadUnit: plugins took 123.602276ms
[debug]           Load.loadUnit: defsScala took 0.40324ms
[debug] [Loading] Scanning directory /Users/mac/Desktop/SmarterHealth/jumpstart-20231114/project
[debug] [Loading] Found non-root projects 
[debug] [Loading] Done in /Users/mac/Desktop/SmarterHealth/jumpstart-20231114/project, returning: ()
[debug] deducing auto plugins based on known facts Set(Atom(sbt.plugins.CorePlugin)) and clauses Clauses(Clause(Atom(sbt.plugins.JvmPlugin),Set(Atom(sbt.plugins.IvyPlugin)))
[debug] Clause(Atom(sbt.ScriptedPlugin),Set(Atom(sbt.plugins.JvmPlugin)))
[debug] Clause(Atom(sbt.plugins.SbtPlugin),Set(Atom(sbt.ScriptedPlugin)))
[debug] Clause(Atom(sbt.plugins.SemanticdbPlugin),Set(Atom(sbt.plugins.JvmPlugin)))
[debug] Clause(Atom(sbt.plugins.JUnitXmlReportPlugin),Set(Atom(sbt.plugins.JvmPlugin)))
[debug] Clause(Atom(sbt.plugins.MiniDependencyTreePlugin),Set(Atom(sbt.plugins.JvmPlugin)))
[debug] Clause(Atom(sbt.plugins.CorePlugin),Set(Atom(sbt.plugins.IvyPlugin)))
[debug] Clause(Atom(sbt.plugins.IvyPlugin),Set(Atom(sbt.plugins.JvmPlugin)))
[debug] Clause(Atom(sbt.plugins.JvmPlugin),Set(Atom(sbt.plugins.SemanticdbPlugin)))
[debug] Clause(Atom(sbt.plugins.JvmPlugin),Set(Atom(sbt.plugins.JUnitXmlReportPlugin)))
[debug] Clause(Atom(sbt.plugins.CorePlugin),Set(Atom(sbt.plugins.Giter8TemplatePlugin)))
[debug] Clause(Atom(sbt.plugins.JvmPlugin),Set(Atom(sbt.plugins.MiniDependencyTreePlugin))))
[debug]   :: deduced result: Matched(sbt.plugins.CorePlugin,sbt.plugins.Giter8TemplatePlugin,sbt.plugins.IvyPlugin,sbt.plugins.JvmPlugin,sbt.plugins.MiniDependencyTreePlugin,sbt.plugins.JUnitXmlReportPlugin,sbt.plugins.SemanticdbPlugin)
[debug] Plugins.deducer#function took 29.371718 ms
[debug]               Load.resolveProject(jumpstart-20231114-build) took 45.207578ms
[debug]             Load.loadTransitive: finalizeProject(Project(id jumpstart-20231114-build, base: /Users/mac/Desktop/SmarterHealth/jumpstart-20231114/project, plugins: List(<none>))) took 105.398395ms
[debug] [Loading] Done in /Users/mac/Desktop/SmarterHealth/jumpstart-20231114/project, returning: (jumpstart-20231114-build)
[debug]           Load.loadUnit: loadedProjectsRaw took 143.81801ms
[debug]           Load.loadUnit: cleanEvalClasses took 0.316237ms
[debug]         Load.loadUnit(file:/Users/mac/Desktop/SmarterHealth/jumpstart-20231114/project/, ...) took 278.336659ms
